Cloning into '/home/wzw/go/src/github.com/Sirupsen/logrus'...
Cloning into '/home/wzw/go/src/github.com/cpmech/gosl'...
error: RPC failed; curl 56 GnuTLS recv error (-54): Error in the pull function.
fatal: The remote end hung up unexpectedly
fatal: early EOF
fatal: index-pack failed
fatal: clone of 'https://github.com/cpmech/gosl.git' into submodule path '/home/wzw/go/src/github.com/cpmech/gosl' failed
Failed to clone 'src/github.com/cpmech/gosl'. Retry scheduled
Cloning into '/home/wzw/go/src/github.com/henrylee2cn/pholcus'...
error: RPC failed; curl 18 transfer closed with outstanding read data remaining
fatal: The remote end hung up unexpectedly
fatal: early EOF
fatal: index-pack failed
fatal: clone of 'https://github.com/henrylee2cn/pholcus.git' into submodule path '/home/wzw/go/src/github.com/henrylee2cn/pholcus' failed
Failed to clone 'src/github.com/henrylee2cn/pholcus'. Retry scheduled
Cloning into '/home/wzw/go/src/github.com/henrylee2cn/pholcus_lib'...
Cloning into '/home/wzw/go/src/github.com/iris-contrib/httpexpect'...
Cloning into '/home/wzw/go/src/github.com/klauspost/compress'...
Cloning into '/home/wzw/go/src/github.com/klauspost/cpuid'...
Cloning into '/home/wzw/go/src/github.com/leavengood/websocket'...
Cloning into '/home/wzw/go/src/github.com/letsencrypt'...
remote: Not Found
fatal: repository 'https://github.com/letsencrypt.git/' not found
fatal: clone of 'https://github.com/letsencrypt.git' into submodule path '/home/wzw/go/src/github.com/letsencrypt' failed
Failed to clone 'src/github.com/letsencrypt'. Retry scheduled
Cloning into '/home/wzw/go/src/github.com/shadowsocks/go-shadowsocks2'...
Cloning into '/home/wzw/go/src/github.com/valyala/bytebufferpool'...
Cloning into '/home/wzw/go/src/github.com/valyala/fasthttp'...
Cloning into '/home/wzw/go/src/github.com/cpmech/gosl'...
Cloning into '/home/wzw/go/src/github.com/henrylee2cn/pholcus'...
Cloning into '/home/wzw/go/src/github.com/letsencrypt'...
remote: Not Found
fatal: repository 'https://github.com/letsencrypt.git/' not found
fatal: clone of 'https://github.com/letsencrypt.git' into submodule path '/home/wzw/go/src/github.com/letsencrypt' failed
Failed to clone 'src/github.com/letsencrypt' a second time, aborting
Cloning into '/home/wzw/go/src/github.com/letsencrypt'...
error: RPC failed; curl 56 GnuTLS recv error (-54): Error in the pull function.
fatal: The remote end hung up unexpectedly
fatal: early EOF
fatal: index-pack failed
fatal: clone of 'https://github.com/letsencrypt/letsencrypt.git' into submodule path '/home/wzw/go/src/github.com/letsencrypt' failed
Failed to clone 'src/github.com/letsencrypt'. Retry scheduled
Cloning into '/home/wzw/go/src/github.com/letsencrypt'...
fatal: unable to access 'https://github.com/letsencrypt/letsencrypt.git/': GnuTLS recv error (-9): A TLS packet with unexpected length was received.
fatal: clone of 'https://github.com/letsencrypt/letsencrypt.git' into submodule path '/home/wzw/go/src/github.com/letsencrypt' failed
Failed to clone 'src/github.com/letsencrypt' a second time, aborting
