2017/10/03 12:42:03 [I]                                                                                                ！！当前运行模式为：[ 单机 ] 模式！！
2017/10/03 12:42:12 [W]  *     —— 亲，任务列表不能为空哦~
2017/10/03 12:42:20 [I]  *     不使用代理IP

2017/10/03 12:42:20 [I]  *     执行任务总数(任务数[*自定义配置数])为 1 个

2017/10/03 12:42:20 [I]  *     采集引擎池容量为 1

2017/10/03 12:42:20 [I]  *     并发协程最多 20 个

2017/10/03 12:42:20 [I]  *     默认随机停顿 150~600 毫秒

2017/10/03 12:42:20 [P]  *                                                                                                 —— 开始抓取，请耐心等候 ——
2017/10/03 12:42:20 [I]  *********************************************************************************************************************************** 
2017/10/03 12:42:20 [D]  *     Start: https://www.lagou.com/zhaopin/go/?filterOption=3
2017/10/03 12:42:20 [I]  *     Success: https://www.lagou.com/zhaopin/go/?filterOption=3

2017/10/03 12:42:20 [D]  *     Start: https://www.lagou.com/zhaopin/go/2/
2017/10/03 12:42:20 [I]  *     Success: https://www.lagou.com/zhaopin/go/2/

2017/10/03 12:42:20 [D]  *     Start: https://www.lagou.com/zhaopin/go/3/
2017/10/03 12:42:21 [I]  *     Success: https://www.lagou.com/zhaopin/go/3/

2017/10/03 12:42:21 [D]  *     Start: https://www.lagou.com/zhaopin/go/4/
2017/10/03 12:42:21 [I]  *     Success: https://www.lagou.com/zhaopin/go/4/

2017/10/03 12:42:21 [D]  *     Start: https://www.lagou.com/zhaopin/go/5/
2017/10/03 12:42:21 [I]  *     Success: https://www.lagou.com/zhaopin/go/5/

2017/10/03 12:42:22 [D]  *     Start: https://www.lagou.com/zhaopin/go/6/
2017/10/03 12:42:22 [I]  *     Success: https://www.lagou.com/zhaopin/go/6/

2017/10/03 12:42:22 [D]  *     Start: https://www.lagou.com/zhaopin/go/7/
2017/10/03 12:42:22 [I]  *     Success: https://www.lagou.com/zhaopin/go/7/

2017/10/03 12:42:22 [D]  *     Start: https://www.lagou.com/zhaopin/go/8/
2017/10/03 12:42:23 [I]  *     Success: https://www.lagou.com/zhaopin/go/8/

2017/10/03 12:42:23 [D]  *     Start: https://www.lagou.com/zhaopin/go/9/
2017/10/03 12:42:23 [I]  *     Success: https://www.lagou.com/zhaopin/go/9/

2017/10/03 12:42:23 [D]  *     Start: https://www.lagou.com/zhaopin/go/10/
2017/10/03 12:42:23 [I]  *     Success: https://www.lagou.com/zhaopin/go/10/

2017/10/03 12:42:24 [D]  *     Start: https://www.lagou.com/zhaopin/go/11/
2017/10/03 12:42:24 [I]  *     Success: https://www.lagou.com/zhaopin/go/11/

2017/10/03 12:42:24 [D]  *     Start: https://www.lagou.com/zhaopin/go/12/
2017/10/03 12:42:24 [I]  *     Success: https://www.lagou.com/zhaopin/go/12/

2017/10/03 12:42:24 [D]  *     Start: https://www.lagou.com/zhaopin/go/13/
2017/10/03 12:42:25 [I]  *     Success: https://www.lagou.com/zhaopin/go/13/

2017/10/03 12:42:25 [D]  *     Start: https://www.lagou.com/zhaopin/go/14/
2017/10/03 12:42:25 [I]  *     Success: https://www.lagou.com/zhaopin/go/14/

2017/10/03 12:42:25 [D]  *     Start: https://www.lagou.com/zhaopin/go/15/
2017/10/03 12:42:25 [I]  *     Success: https://www.lagou.com/zhaopin/go/15/

2017/10/03 12:42:25 [D]  *     Start: https://www.lagou.com/zhaopin/go/16/
2017/10/03 12:42:26 [I]  *     Success: https://www.lagou.com/zhaopin/go/16/

2017/10/03 12:42:26 [D]  *     Start: https://www.lagou.com/zhaopin/go/17/
2017/10/03 12:42:26 [I]  *     Success: https://www.lagou.com/zhaopin/go/17/

2017/10/03 12:42:26 [D]  *     Start: https://www.lagou.com/zhaopin/go/18/
2017/10/03 12:42:26 [I]  *     Success: https://www.lagou.com/zhaopin/go/18/

2017/10/03 12:42:27 [D]  *     Start: https://www.lagou.com/zhaopin/go/19/
2017/10/03 12:42:27 [I]  *     Success: https://www.lagou.com/zhaopin/go/19/

2017/10/03 12:42:27 [D]  *     Start: https://www.lagou.com/zhaopin/go/20/
2017/10/03 12:42:27 [I]  *     Success: https://www.lagou.com/zhaopin/go/20/

2017/10/03 12:42:27 [D]  *     Start: https://www.lagou.com/zhaopin/go/21/
2017/10/03 12:42:27 [I]  *     Success: https://www.lagou.com/zhaopin/go/21/

2017/10/03 12:42:28 [D]  *     Start: https://www.lagou.com/zhaopin/go/22/
2017/10/03 12:42:28 [I]  *     Success: https://www.lagou.com/zhaopin/go/22/

2017/10/03 12:42:28 [D]  *     Start: https://www.lagou.com/zhaopin/go/23/
2017/10/03 12:42:28 [I]  *     Success: https://www.lagou.com/zhaopin/go/23/

2017/10/03 12:42:28 [D]  *     Start: https://www.lagou.com/zhaopin/go/24/
2017/10/03 12:42:29 [I]  *     Success: https://www.lagou.com/zhaopin/go/24/

2017/10/03 12:42:29 [D]  *     Start: https://www.lagou.com/zhaopin/go/25/
2017/10/03 12:42:29 [I]  *     Success: https://www.lagou.com/zhaopin/go/25/

2017/10/03 12:42:29 [D]  *     Start: https://www.lagou.com/zhaopin/go/26/
2017/10/03 12:42:29 [I]  *     Success: https://www.lagou.com/zhaopin/go/26/

2017/10/03 12:42:29 [D]  *     Start: https://www.lagou.com/zhaopin/go/27/
2017/10/03 12:42:30 [I]  *     Success: https://www.lagou.com/zhaopin/go/27/

2017/10/03 12:42:30 [D]  *     Start: https://www.lagou.com/zhaopin/go/28/
2017/10/03 12:42:30 [I]  *     Success: https://www.lagou.com/zhaopin/go/28/

2017/10/03 12:42:30 [D]  *     Start: https://www.lagou.com/zhaopin/go/29/
2017/10/03 12:42:30 [I]  *     Success: https://www.lagou.com/zhaopin/go/29/

2017/10/03 12:42:31 [I]  * 
2017/10/03 12:42:31 [P]  *     [数据输出：拉勾-岗位 | KEYIN： | 批次：1]   数据 424 条！

2017/10/03 12:42:31 [I]  *     [添加成功记录]: 29 条

2017/10/03 12:42:31 [I]  * 
2017/10/03 12:42:31 [P]  *     [任务小计：拉勾-岗位 | KEYIN：]   共采集数据 424 条，用时 11.137407537s！

2017/10/03 12:42:31 [I]  * 
2017/10/03 12:42:31 [I]  *********************************************************************************************************************************** 
2017/10/03 12:42:31 [I]  * 
2017/10/03 12:42:31 [P]  *                            —— 本次合计采集【数据 424 条】， 实爬【成功 29 URL + 失败 0 URL = 合计 29 URL】，耗时【11.137452737s】 ——
2017/10/03 12:42:31 [I]  * 
2017/10/03 12:42:31 [I]  *********************************************************************************************************************************** 
